[0m10:59:09.749213 [debug] [MainThread]: Sending event: {'category': 'dbt', 'action': 'invocation', 'label': 'start', 'context': [<snowplow_tracker.self_describing_json.SelfDescribingJson object at 0x000001E6BEB6E820>, <snowplow_tracker.self_describing_json.SelfDescribingJson object at 0x000001E6BABD7CA0>, <snowplow_tracker.self_describing_json.SelfDescribingJson object at 0x000001E6BABD7550>]}


============================== 10:59:09.750212 | 8587ddb4-15c8-4b4d-a460-e28dc6f74c12 ==============================
[0m10:59:09.750212 [info ] [MainThread]: Running with dbt=1.5.1
[0m10:59:09.751208 [debug] [MainThread]: running dbt with arguments {'printer_width': '80', 'indirect_selection': 'eager', 'log_cache_events': 'False', 'write_json': 'True', 'partial_parse': 'True', 'cache_selected_only': 'False', 'warn_error': 'None', 'debug': 'False', 'profiles_dir': 'C:\\Users\\Pranav\\.dbt', 'log_path': 'logs', 'fail_fast': 'False', 'version_check': 'True', 'use_colors': 'True', 'use_experimental_parser': 'False', 'no_print': 'None', 'quiet': 'False', 'warn_error_options': 'WarnErrorOptions(include=[], exclude=[])', 'introspect': 'True', 'log_format': 'default', 'static_parser': 'True', 'target_path': 'None', 'send_anonymous_usage_stats': 'True'}
[0m10:59:09.751208 [warn ] [MainThread]: [ConfigFolderDirectory]: Unable to parse dict {'dir': WindowsPath('C:/Users/Pranav/.dbt')}
[0m10:59:09.752205 [info ] [MainThread]: Creating dbt configuration folder at 
[0m10:59:20.945803 [debug] [MainThread]: Starter project path: C:\Users\Pranav\PycharmProjects\pythonProject\venv\lib\site-packages\dbt\include\starter_project
[0m11:03:05.248191 [error] [MainThread]: Encountered an error:

[0m11:03:05.251180 [error] [MainThread]: Traceback (most recent call last):
  File "C:\Users\Pranav\PycharmProjects\pythonProject\venv\lib\site-packages\dbt\cli\requires.py", line 86, in wrapper
    result, success = func(*args, **kwargs)
  File "C:\Users\Pranav\PycharmProjects\pythonProject\venv\lib\site-packages\dbt\cli\requires.py", line 71, in wrapper
    return func(*args, **kwargs)
  File "C:\Users\Pranav\PycharmProjects\pythonProject\venv\lib\site-packages\dbt\cli\main.py", line 457, in init
    results = task.run()
  File "C:\Users\Pranav\PycharmProjects\pythonProject\venv\lib\site-packages\dbt\task\init.py", line 305, in run
    self.create_profile_from_target(adapter, profile_name=project_name)
  File "C:\Users\Pranav\PycharmProjects\pythonProject\venv\lib\site-packages\dbt\task\init.py", line 180, in create_profile_from_target
    self.create_profile_from_profile_template(profile_template, profile_name)
  File "C:\Users\Pranav\PycharmProjects\pythonProject\venv\lib\site-packages\dbt\task\init.py", line 164, in create_profile_from_profile_template
    target = self.generate_target_from_input(prompts, initial_target)
  File "C:\Users\Pranav\PycharmProjects\pythonProject\venv\lib\site-packages\dbt\task\init.py", line 117, in generate_target_from_input
    target = self.generate_target_from_input(
  File "C:\Users\Pranav\PycharmProjects\pythonProject\venv\lib\site-packages\dbt\task\init.py", line 130, in generate_target_from_input
    target[key] = click.prompt(
  File "C:\Users\Pranav\PycharmProjects\pythonProject\venv\lib\site-packages\click\termui.py", line 166, in prompt
    value = prompt_func(prompt)
  File "C:\Users\Pranav\PycharmProjects\pythonProject\venv\lib\site-packages\click\termui.py", line 149, in prompt_func
    raise Abort() from None
click.exceptions.Abort

[0m11:03:05.254170 [debug] [MainThread]: Command `dbt init` failed at 11:03:05.253173 after 235.51 seconds
[0m11:03:05.254170 [debug] [MainThread]: Sending event: {'category': 'dbt', 'action': 'invocation', 'label': 'end', 'context': [<snowplow_tracker.self_describing_json.SelfDescribingJson object at 0x000001E6BEB6E820>, <snowplow_tracker.self_describing_json.SelfDescribingJson object at 0x000001E6C1C1FE50>, <snowplow_tracker.self_describing_json.SelfDescribingJson object at 0x000001E6C1C1FFD0>]}
[0m11:03:05.255165 [debug] [MainThread]: Flushing usage events
[0m11:03:07.816920 [debug] [MainThread]: Sending event: {'category': 'dbt', 'action': 'invocation', 'label': 'start', 'context': [<snowplow_tracker.self_describing_json.SelfDescribingJson object at 0x000001C5ED5B5190>, <snowplow_tracker.self_describing_json.SelfDescribingJson object at 0x000001C5EFDD5970>, <snowplow_tracker.self_describing_json.SelfDescribingJson object at 0x000001C5EFDD5A60>]}


============================== 11:03:07.818914 | 25994bd4-03c6-465a-883b-af3f07b6e6ba ==============================
[0m11:03:07.818914 [info ] [MainThread]: Running with dbt=1.5.1
[0m11:03:07.818914 [debug] [MainThread]: running dbt with arguments {'printer_width': '80', 'indirect_selection': 'eager', 'write_json': 'True', 'log_cache_events': 'False', 'partial_parse': 'True', 'cache_selected_only': 'False', 'profiles_dir': 'C:\\Users\\Pranav\\.dbt', 'fail_fast': 'False', 'warn_error': 'None', 'log_path': 'logs', 'debug': 'False', 'version_check': 'True', 'use_colors': 'True', 'use_experimental_parser': 'False', 'no_print': 'None', 'quiet': 'False', 'warn_error_options': 'WarnErrorOptions(include=[], exclude=[])', 'introspect': 'True', 'static_parser': 'True', 'log_format': 'default', 'target_path': 'None', 'send_anonymous_usage_stats': 'True'}
[0m11:03:17.175981 [info ] [MainThread]: A project called fs_dbt already exists here.
[0m11:03:17.176978 [debug] [MainThread]: Command `dbt init` succeeded at 11:03:17.176978 after 9.37 seconds
[0m11:03:17.176978 [debug] [MainThread]: Sending event: {'category': 'dbt', 'action': 'invocation', 'label': 'end', 'context': [<snowplow_tracker.self_describing_json.SelfDescribingJson object at 0x000001C5ED5B5190>, <snowplow_tracker.self_describing_json.SelfDescribingJson object at 0x000001C5E96A7340>, <snowplow_tracker.self_describing_json.SelfDescribingJson object at 0x000001C5EFDE2F70>]}
[0m11:03:17.177975 [debug] [MainThread]: Flushing usage events
[0m11:03:30.455392 [debug] [MainThread]: Sending event: {'category': 'dbt', 'action': 'invocation', 'label': 'start', 'context': [<snowplow_tracker.self_describing_json.SelfDescribingJson object at 0x0000018C527C5190>, <snowplow_tracker.self_describing_json.SelfDescribingJson object at 0x0000018C54FE5970>, <snowplow_tracker.self_describing_json.SelfDescribingJson object at 0x0000018C54FE5A60>]}


============================== 11:03:30.456390 | 0cb36a8d-931d-4fcc-b684-f4926b64c725 ==============================
[0m11:03:30.456390 [info ] [MainThread]: Running with dbt=1.5.1
[0m11:03:30.457386 [debug] [MainThread]: running dbt with arguments {'printer_width': '80', 'indirect_selection': 'eager', 'log_cache_events': 'False', 'write_json': 'True', 'partial_parse': 'True', 'cache_selected_only': 'False', 'profiles_dir': 'C:\\Users\\Pranav\\.dbt', 'version_check': 'True', 'fail_fast': 'False', 'log_path': 'logs', 'debug': 'False', 'warn_error': 'None', 'use_colors': 'True', 'use_experimental_parser': 'False', 'no_print': 'None', 'quiet': 'False', 'warn_error_options': 'WarnErrorOptions(include=[], exclude=[])', 'static_parser': 'True', 'log_format': 'default', 'introspect': 'True', 'target_path': 'None', 'send_anonymous_usage_stats': 'True'}
[0m11:03:34.652995 [debug] [MainThread]: Starter project path: C:\Users\Pranav\PycharmProjects\pythonProject\venv\lib\site-packages\dbt\include\starter_project
[0m11:13:14.058212 [info ] [MainThread]: Profile fs_dbt written to C:\Users\Pranav\.dbt\profiles.yml using target's profile_template.yml and your supplied values. Run 'dbt debug' to validate the connection.
[0m11:13:14.059208 [info ] [MainThread]: 
Your new dbt project "fs_dbt" was created!

For more information on how to configure the profiles.yml file,
please consult the dbt documentation here:

  https://docs.getdbt.com/docs/configure-your-profile

One more thing:

Need help? Don't hesitate to reach out to us via GitHub issues or on Slack:

  https://community.getdbt.com/

Happy modeling!

[0m11:13:14.060204 [debug] [MainThread]: Command `dbt init` succeeded at 11:13:14.060204 after 583.61 seconds
[0m11:13:14.061223 [debug] [MainThread]: Sending event: {'category': 'dbt', 'action': 'invocation', 'label': 'end', 'context': [<snowplow_tracker.self_describing_json.SelfDescribingJson object at 0x0000018C527C5190>, <snowplow_tracker.self_describing_json.SelfDescribingJson object at 0x0000018C54F60EB0>, <snowplow_tracker.self_describing_json.SelfDescribingJson object at 0x0000018C5586A8B0>]}
[0m11:13:14.061223 [debug] [MainThread]: Flushing usage events
[0m11:13:54.854758 [debug] [MainThread]: Sending event: {'category': 'dbt', 'action': 'invocation', 'label': 'start', 'context': [<snowplow_tracker.self_describing_json.SelfDescribingJson object at 0x000001DAFFFC5730>, <snowplow_tracker.self_describing_json.SelfDescribingJson object at 0x000001DA82FF3610>, <snowplow_tracker.self_describing_json.SelfDescribingJson object at 0x000001DA82FF3430>]}


============================== 11:13:54.856751 | a6c85f1b-b10c-4a43-9ad4-e77758a73d68 ==============================
[0m11:13:54.856751 [info ] [MainThread]: Running with dbt=1.5.1
[0m11:13:54.856751 [debug] [MainThread]: running dbt with arguments {'printer_width': '80', 'indirect_selection': 'eager', 'write_json': 'True', 'log_cache_events': 'False', 'partial_parse': 'True', 'cache_selected_only': 'False', 'profiles_dir': 'C:\\Users\\Pranav\\.dbt', 'fail_fast': 'False', 'version_check': 'True', 'log_path': 'logs', 'debug': 'False', 'warn_error': 'None', 'use_colors': 'True', 'use_experimental_parser': 'False', 'no_print': 'None', 'quiet': 'False', 'warn_error_options': 'WarnErrorOptions(include=[], exclude=[])', 'introspect': 'True', 'log_format': 'default', 'static_parser': 'True', 'target_path': 'None', 'send_anonymous_usage_stats': 'True'}
[0m11:13:54.857747 [info ] [MainThread]: dbt version: 1.5.1
[0m11:13:54.857747 [info ] [MainThread]: python version: 3.9.13
[0m11:13:54.857747 [info ] [MainThread]: python path: C:\Users\Pranav\PycharmProjects\pythonProject\venv\Scripts\python.exe
[0m11:13:54.858745 [info ] [MainThread]: os info: Windows-10-10.0.22621-SP0
[0m11:13:54.858745 [info ] [MainThread]: Using profiles.yml file at C:\Users\Pranav\.dbt\profiles.yml
[0m11:13:54.858745 [info ] [MainThread]: Using dbt_project.yml file at C:\Users\Pranav\PycharmProjects\pythonProject\dbt_project.yml
[0m11:13:54.858745 [info ] [MainThread]: Configuration:
[0m11:13:54.970877 [info ] [MainThread]:   profiles.yml file [[32mOK found and valid[0m]
[0m11:13:54.970877 [info ] [MainThread]:   dbt_project.yml file [[31mERROR not found[0m]
[0m11:13:54.971874 [info ] [MainThread]: Required dependencies:
[0m11:13:54.971874 [debug] [MainThread]: Executing "git --help"
[0m11:13:55.022387 [debug] [MainThread]: STDOUT: "b"usage: git [-v | --version] [-h | --help] [-C <path>] [-c <name>=<value>]\n           [--exec-path[=<path>]] [--html-path] [--man-path] [--info-path]\n           [-p | --paginate | -P | --no-pager] [--no-replace-objects] [--bare]\n           [--git-dir=<path>] [--work-tree=<path>] [--namespace=<name>]\n           [--config-env=<name>=<envvar>] <command> [<args>]\n\nThese are common Git commands used in various situations:\n\nstart a working area (see also: git help tutorial)\n   clone     Clone a repository into a new directory\n   init      Create an empty Git repository or reinitialize an existing one\n\nwork on the current change (see also: git help everyday)\n   add       Add file contents to the index\n   mv        Move or rename a file, a directory, or a symlink\n   restore   Restore working tree files\n   rm        Remove files from the working tree and from the index\n\nexamine the history and state (see also: git help revisions)\n   bisect    Use binary search to find the commit that introduced a bug\n   diff      Show changes between commits, commit and working tree, etc\n   grep      Print lines matching a pattern\n   log       Show commit logs\n   show      Show various types of objects\n   status    Show the working tree status\n\ngrow, mark and tweak your common history\n   branch    List, create, or delete branches\n   commit    Record changes to the repository\n   merge     Join two or more development histories together\n   rebase    Reapply commits on top of another base tip\n   reset     Reset current HEAD to the specified state\n   switch    Switch branches\n   tag       Create, list, delete or verify a tag object signed with GPG\n\ncollaborate (see also: git help workflows)\n   fetch     Download objects and refs from another repository\n   pull      Fetch from and integrate with another repository or a local branch\n   push      Update remote refs along with associated objects\n\n'git help -a' and 'git help -g' list available subcommands and some\nconcept guides. See 'git help <command>' or 'git help <concept>'\nto read about a specific subcommand or concept.\nSee 'git help git' for an overview of the system.\n""
[0m11:13:55.023600 [debug] [MainThread]: STDERR: "b''"
[0m11:13:55.023600 [info ] [MainThread]:  - git [[32mOK found[0m]

[0m11:13:55.023600 [info ] [MainThread]: Connection:
[0m11:13:55.024599 [info ] [MainThread]:   account: qx91053.us-east4.gcp
[0m11:13:55.024599 [info ] [MainThread]:   user: pewpewpew
[0m11:13:55.024599 [info ] [MainThread]:   database: DBT_SALES
[0m11:13:55.025595 [info ] [MainThread]:   schema: ORDERS_DWH
[0m11:13:55.025595 [info ] [MainThread]:   warehouse: DBT_SALES
[0m11:13:55.025595 [info ] [MainThread]:   role: DBT_ROLE
[0m11:13:55.025595 [info ] [MainThread]:   client_session_keep_alive: False
[0m11:13:55.026592 [info ] [MainThread]:   query_tag: None
[0m11:13:55.026592 [debug] [MainThread]: Acquiring new snowflake connection 'debug'
[0m11:13:55.027589 [debug] [MainThread]: Using snowflake connection "debug"
[0m11:13:55.027589 [debug] [MainThread]: On debug: select 1 as id
[0m11:13:55.027589 [debug] [MainThread]: Opening a new connection, currently in state init
[0m11:13:55.701582 [debug] [MainThread]: Snowflake adapter: Error running SQL: select 1 as id
[0m11:13:55.702579 [debug] [MainThread]: Snowflake adapter: Rolling back transaction.
[0m11:13:55.702579 [debug] [MainThread]: On debug: No close available on handle
[0m11:13:55.702579 [info ] [MainThread]:   Connection test: [[31mERROR[0m]

[0m11:13:55.703576 [info ] [MainThread]: [31m2 checks failed:[0m
[0m11:13:55.703576 [info ] [MainThread]: Could not load dbt_project.yml

[0m11:13:55.703576 [info ] [MainThread]: dbt was unable to connect to the specified database.
The database returned the following error:

  >Database Error
  250001 (08001): Failed to connect to DB: qx91053.us-east4.gcp.snowflakecomputing.com:443. Role 'DBT_ROLE' specified in the connect string is not granted to this user. Contact your local system administrator, or attempt to login with another role, e.g. PUBLIC.

Check your database credentials and try again. For more information, visit:
https://docs.getdbt.com/docs/configure-your-profile


[0m11:13:55.704572 [debug] [MainThread]: Command `dbt debug` failed at 11:13:55.704572 after 0.86 seconds
[0m11:13:55.705075 [debug] [MainThread]: Connection 'debug' was properly closed.
[0m11:13:55.705075 [debug] [MainThread]: Sending event: {'category': 'dbt', 'action': 'invocation', 'label': 'end', 'context': [<snowplow_tracker.self_describing_json.SelfDescribingJson object at 0x000001DAFFFC5730>, <snowplow_tracker.self_describing_json.SelfDescribingJson object at 0x000001DA83A01C70>, <snowplow_tracker.self_describing_json.SelfDescribingJson object at 0x000001DA83A01550>]}
[0m11:13:55.705075 [debug] [MainThread]: Flushing usage events
